This is pdfTeX, Version 3.14159265-2.6-1.40.15 (MiKTeX 2.9 64-bit) (preloaded format=pdflatex 2016.7.29)  1 MAY 2017 11:41
entering extended mode
**document.tex
(document.tex
LaTeX2e <2014/05/01>
Babel <3.9l> and hyphenation patterns for 68 languages loaded.
("C:\Program Files\MiKTeX 2.9\tex\latex\base\report.cls"
Document Class: report 2014/09/29 v1.4h Standard LaTeX document class
("C:\Program Files\MiKTeX 2.9\tex\latex\base\size11.clo"
File: size11.clo 2014/09/29 v1.4h Standard LaTeX file (size option)
)
\c@part=\count79
\c@chapter=\count80
\c@section=\count81
\c@subsection=\count82
\c@subsubsection=\count83
\c@paragraph=\count84
\c@subparagraph=\count85
\c@figure=\count86
\c@table=\count87
\abovecaptionskip=\skip41
\belowcaptionskip=\skip42
\bibindent=\dimen102
)
("C:\Program Files\MiKTeX 2.9\tex\latex\graphics\graphicx.sty"
Package: graphicx 2014/10/28 v1.0g Enhanced LaTeX Graphics (DPC,SPQR)

("C:\Program Files\MiKTeX 2.9\tex\latex\graphics\keyval.sty"
Package: keyval 2014/10/28 v1.15 key=value parser (DPC)
\KV@toks@=\toks14
)
("C:\Program Files\MiKTeX 2.9\tex\latex\graphics\graphics.sty"
Package: graphics 2014/10/28 v1.0p Standard LaTeX Graphics (DPC,SPQR)

("C:\Program Files\MiKTeX 2.9\tex\latex\graphics\trig.sty"
Package: trig 1999/03/16 v1.09 sin cos tan (DPC)
)
("C:\Program Files\MiKTeX 2.9\tex\latex\00miktex\graphics.cfg"
File: graphics.cfg 2007/01/18 v1.5 graphics configuration of teTeX/TeXLive
)
Package graphics Info: Driver file: pdftex.def on input line 91.

("C:\Program Files\MiKTeX 2.9\tex\latex\pdftex-def\pdftex.def"
File: pdftex.def 2011/05/27 v0.06d Graphics/color for pdfTeX

("C:\Program Files\MiKTeX 2.9\tex\generic\oberdiek\infwarerr.sty"
Package: infwarerr 2010/04/08 v1.3 Providing info/warning/error messages (HO)
)
("C:\Program Files\MiKTeX 2.9\tex\generic\oberdiek\ltxcmds.sty"
Package: ltxcmds 2011/11/09 v1.22 LaTeX kernel commands for general use (HO)
)
\Gread@gobject=\count88
))
\Gin@req@height=\dimen103
\Gin@req@width=\dimen104
)
(document.aux)
LaTeX Font Info:    Checking defaults for OML/cmm/m/it on input line 5.
LaTeX Font Info:    ... okay on input line 5.
LaTeX Font Info:    Checking defaults for T1/cmr/m/n on input line 5.
LaTeX Font Info:    ... okay on input line 5.
LaTeX Font Info:    Checking defaults for OT1/cmr/m/n on input line 5.
LaTeX Font Info:    ... okay on input line 5.
LaTeX Font Info:    Checking defaults for OMS/cmsy/m/n on input line 5.
LaTeX Font Info:    ... okay on input line 5.
LaTeX Font Info:    Checking defaults for OMX/cmex/m/n on input line 5.
LaTeX Font Info:    ... okay on input line 5.
LaTeX Font Info:    Checking defaults for U/cmr/m/n on input line 5.
LaTeX Font Info:    ... okay on input line 5.
 ("C:\Program Files\MiKTeX 2.9\tex\context\base\supp-pdf.mkii"
[Loading MPS to PDF converter (version 2006.09.02).]
\scratchcounter=\count89
\scratchdimen=\dimen105
\scratchbox=\box26
\nofMPsegments=\count90
\nofMParguments=\count91
\everyMPshowfont=\toks15
\MPscratchCnt=\count92
\MPscratchDim=\dimen106
\MPnumerator=\count93
\makeMPintoPDFobject=\count94
\everyMPtoPDFconversion=\toks16
) <PES.jpg, id=1, 156.585pt x 182.93344pt>
File: PES.jpg Graphic file (type jpg)
 <use PES.jpg>
Package pdftex.def Info: PES.jpg used on input line 10.
(pdftex.def)             Requested size: 156.58461pt x 182.93298pt.
 [1


{C:/ProgramData/MiKTeX/2.9/pdftex/config/pdftex.map} <./PES.jpg>] [2

] [3

] [4

]
<raspi_b+.jpg, id=18, 308.352pt x 205.9695pt>
File: raspi_b+.jpg Graphic file (type jpg)
 <use raspi_b+.jpg>
Package pdftex.def Info: raspi_b+.jpg used on input line 68.
(pdftex.def)             Requested size: 308.35124pt x 205.96898pt.

Underfull \hbox (badness 10000) in paragraph at lines 68--69

 []


Underfull \hbox (badness 10000) in paragraph at lines 74--75

 []


Underfull \hbox (badness 10000) in paragraph at lines 74--75

 []


Underfull \hbox (badness 10000) in paragraph at lines 78--79

 []


Underfull \hbox (badness 10000) in paragraph at lines 80--81

 []

[5

 <./raspi_b+.jpg>]
Underfull \hbox (badness 10000) in paragraph at lines 84--85

 []

[6]
LaTeX Font Info:    External font `cmex10' loaded for size
(Font)              <10.95> on input line 107.
LaTeX Font Info:    External font `cmex10' loaded for size
(Font)              <8> on input line 107.
LaTeX Font Info:    External font `cmex10' loaded for size
(Font)              <6> on input line 107.
Missing character: There is no ‚ in font cmbx12!
Missing character: There is no Ä in font cmbx12!
Missing character: There is no ì in font cmbx12!

Underfull \hbox (badness 10000) in paragraph at lines 107--108

 []

<aqi.jpg, id=26, 176.2683pt x 176.2683pt>
File: aqi.jpg Graphic file (type jpg)
 <use aqi.jpg>
Package pdftex.def Info: aqi.jpg used on input line 109.
(pdftex.def)             Requested size: 176.26785pt x 176.26785pt.

Underfull \hbox (badness 10000) in paragraph at lines 109--110

 []


Underfull \hbox (badness 10000) in paragraph at lines 113--114

 []

[7

 <./aqi.jpg>]
Missing character: There is no ‚ in font cmr10!
Missing character: There is no Ä in font cmr10!
Missing character: There is no ¢ in font cmr10!
Missing character: There is no ‚ in font cmr10!
Missing character: There is no Ä in font cmr10!
Missing character: There is no ¢ in font cmr10!
Missing character: There is no ‚ in font cmr10!
Missing character: There is no Ä in font cmr10!
Missing character: There is no ¢ in font cmr10!
Missing character: There is no ‚ in font cmr10!
Missing character: There is no Ä in font cmr10!
Missing character: There is no ¢ in font cmr10!
Missing character: There is no ‚ in font cmr10!
Missing character: There is no Ä in font cmr10!
Missing character: There is no ¢ in font cmr10!

Underfull \hbox (badness 10000) in paragraph at lines 127--128

 []


Underfull \hbox (badness 10000) in paragraph at lines 127--128

 []

Missing character: There is no ‚ in font cmr10!
Missing character: There is no Ä in font cmr10!
Missing character: There is no ¢ in font cmr10!
Missing character: There is no ‚ in font cmr10!
Missing character: There is no Ä in font cmr10!
Missing character: There is no ¢ in font cmr10!
Missing character: There is no ‚ in font cmr10!
Missing character: There is no Ä in font cmr10!
Missing character: There is no ¢ in font cmr10!
Missing character: There is no ‚ in font cmr10!
Missing character: There is no Ä in font cmr10!
Missing character: There is no ¢ in font cmr10!

Underfull \hbox (badness 10000) in paragraph at lines 137--138

 []


Underfull \hbox (badness 10000) in paragraph at lines 137--138

 []


Underfull \hbox (badness 10000) in paragraph at lines 139--145

 []


Underfull \hbox (badness 10000) in paragraph at lines 139--145

 []

<mq135.jpg, id=31, 368.1253pt x 201.00093pt>
File: mq135.jpg Graphic file (type jpg)
 <use mq135.jpg>
Package pdftex.def Info: mq135.jpg used on input line 147.
(pdftex.def)             Requested size: 368.1244pt x 201.00043pt.

Overfull \hbox (8.1244pt too wide) in paragraph at lines 146--153
[]
 []


Underfull \hbox (badness 10000) in paragraph at lines 146--153

 []

[8]
Underfull \hbox (badness 10000) in paragraph at lines 154--163

 []


Underfull \hbox (badness 10000) in paragraph at lines 164--169

 []

[9 <./mq135.jpg>]
Underfull \hbox (badness 10000) in paragraph at lines 170--173

 []


Underfull \hbox (badness 10000) in paragraph at lines 170--173

 []


Underfull \hbox (badness 10000) in paragraph at lines 174--176

 []

<bmp.jpg, id=40, 267.66667pt x 201.99689pt>
File: bmp.jpg Graphic file (type jpg)
 <use bmp.jpg>
Package pdftex.def Info: bmp.jpg used on input line 177.
(pdftex.def)             Requested size: 267.666pt x 201.99638pt.

Underfull \hbox (badness 10000) in paragraph at lines 177--178

 []


Underfull \hbox (badness 10000) in paragraph at lines 179--181

 []

[10 <./bmp.jpg>]
Underfull \hbox (badness 10000) in paragraph at lines 182--183

 []

<pinbmp.jpg, id=44, 325.215pt x 351.56343pt>
File: pinbmp.jpg Graphic file (type jpg)
 <use pinbmp.jpg>
Package pdftex.def Info: pinbmp.jpg used on input line 184.
(pdftex.def)             Requested size: 325.2142pt x 351.56256pt.

Underfull \hbox (badness 10000) in paragraph at lines 184--186

 []

Missing character: There is no ‚ in font cmr10!
Missing character: There is no Ä in font cmr10!
Missing character: There is no ¢ in font cmr10!
Missing character: There is no ¬ in font cmr10!
Missing character: There is no ∞ in font cmr10!
Missing character: There is no ‚ in font cmr10!
Missing character: There is no Ä in font cmr10!
Missing character: There is no ¢ in font cmr10!
Missing character: There is no ‚ in font cmr10!
Missing character: There is no Ä in font cmr10!
Missing character: There is no ¢ in font cmr10!
[11 <./pinbmp.jpg>]
Overfull \hbox (6.7592pt too wide) in paragraph at lines 198--200
[]\OT1/cmr/m/n/10.95 I 2C is a dig-i-tal two wire in-ter-face with clock fre-qu
en-cies up to 3.4Mbit/sec.
 []


Underfull \hbox (badness 10000) in paragraph at lines 198--200

 []

<I2C.jpg, id=50, 372.64218pt x 146.04562pt>
File: I2C.jpg Graphic file (type jpg)
 <use I2C.jpg>
Package pdftex.def Info: I2C.jpg used on input line 201.
(pdftex.def)             Requested size: 372.64127pt x 146.04524pt.

Overfull \hbox (29.64127pt too wide) in paragraph at lines 201--203
[][] 
 []


Underfull \hbox (badness 10000) in paragraph at lines 201--203

 []


Underfull \hbox (badness 10000) in paragraph at lines 206--208

 []


Underfull \hbox (badness 10000) in paragraph at lines 209--211

 []

[12 <./I2C.jpg>]
Missing character: There is no ‚ in font cmr10!
Missing character: There is no Ä in font cmr10!
Missing character: There is no ¢ in font cmr10!
Missing character: There is no ‚ in font cmr10!
Missing character: There is no Ä in font cmr10!
Missing character: There is no ¢ in font cmr10!
Missing character: There is no ‚ in font cmr10!
Missing character: There is no Ä in font cmr10!
Missing character: There is no ¢ in font cmr10!
Missing character: There is no ‚ in font cmr10!
Missing character: There is no Ä in font cmr10!
Missing character: There is no ¢ in font cmr10!
Missing character: There is no ‚ in font cmr10!
Missing character: There is no Ä in font cmr10!
Missing character: There is no ¢ in font cmr10!

Underfull \hbox (badness 10000) in paragraph at lines 220--221

 []


Underfull \hbox (badness 10000) in paragraph at lines 220--221

 []


Underfull \hbox (badness 10000) in paragraph at lines 222--223

 []


Underfull \hbox (badness 10000) in paragraph at lines 228--231

 []


Underfull \hbox (badness 10000) in paragraph at lines 228--231

 []

<lcd.jpg, id=54, 411.78844pt x 347.04657pt>
File: lcd.jpg Graphic file (type jpg)
 <use lcd.jpg>
Package pdftex.def Info: lcd.jpg used on input line 232.
(pdftex.def)             Requested size: 411.78741pt x 347.04572pt.

Overfull \hbox (68.78741pt too wide) in paragraph at lines 232--233
[][] 
 []


Underfull \hbox (badness 10000) in paragraph at lines 232--233

 []

[13]
Underfull \hbox (badness 10000) in paragraph at lines 235--236

 []


Underfull \hbox (badness 10000) in paragraph at lines 237--239

 []

Missing character: There is no Ô in font cmr10!
Missing character: There is no Å in font cmr10!
Missing character: There is no µ in font cmr10!
Missing character: There is no Ô in font cmr10!
Missing character: There is no Å in font cmr10!
Missing character: There is no µ in font cmr10!
Missing character: There is no Ô in font cmr10!
Missing character: There is no Å in font cmr10!
Missing character: There is no µ in font cmr10!
Missing character: There is no Ô in font cmr10!
Missing character: There is no Å in font cmr10!
Missing character: There is no µ in font cmr10!
[14 <./lcd.jpg>]
Missing character: There is no Ô in font cmr10!
Missing character: There is no Å in font cmr10!
Missing character: There is no µ in font cmr10!
Missing character: There is no Ô in font cmr10!
Missing character: There is no Å in font cmr10!
Missing character: There is no µ in font cmr10!
Missing character: There is no Ô in font cmr10!
Missing character: There is no Å in font cmr10!
Missing character: There is no µ in font cmr10!
Missing character: There is no Ô in font cmr10!
Missing character: There is no Å in font cmr10!
Missing character: There is no µ in font cmr10!

Underfull \hbox (badness 10000) in paragraph at lines 256--258

 []


Underfull \hbox (badness 10000) in paragraph at lines 259--260

 []

<dht11.jpg, id=63, 318.43968pt x 376.40625pt>
File: dht11.jpg Graphic file (type jpg)
 <use dht11.jpg>
Package pdftex.def Info: dht11.jpg used on input line 261.
(pdftex.def)             Requested size: 240.72903pt x 284.54968pt.

Underfull \hbox (badness 10000) in paragraph at lines 261--262

 []


Underfull \hbox (badness 10000) in paragraph at lines 261--262

 []


Underfull \hbox (badness 10000) in paragraph at lines 264--266

 []

[15 <./dht11.jpg>]
Underfull \hbox (badness 10000) in paragraph at lines 281--282

 []

[16] [17

]
Underfull \hbox (badness 10000) in paragraph at lines 315--316

 []


Underfull \hbox (badness 10000) in paragraph at lines 317--320

 []

LaTeX Font Info:    Try loading font information for OML+cmr on input line 323.

("C:\Program Files\MiKTeX 2.9\tex\latex\base\omlcmr.fd"
File: omlcmr.fd 2014/09/29 v2.5h Standard LaTeX font definitions
)
LaTeX Font Info:    Font shape `OML/cmr/m/n' in size <10.95> not available
(Font)              Font shape `OML/cmm/m/it' tried instead on input line 323.
 [18

]
Underfull \hbox (badness 10000) in paragraph at lines 366--368

 []

[19]
Underfull \hbox (badness 10000) in paragraph at lines 377--379

 []


Underfull \hbox (badness 10000) in paragraph at lines 382--384

 []

[20

]
Overfull \hbox (16.8934pt too wide) in paragraph at lines 391--392
\OT1/cmr/m/n/10.95 un-ex-pected out-ages, and re-ceived praise for stay-ing on-
line dur-ing the widespread
 []

Missing character: There is no ‚ in font cmbx10!
Missing character: There is no Ä in font cmbx10!
Missing character: There is no ô in font cmbx10!

Underfull \hbox (badness 10000) in paragraph at lines 403--405

 []


Overfull \hbox (40.73434pt too wide) in paragraph at lines 406--407
[]\OT1/cmr/m/n/10.95 how to send sms can be found on \OT1/cmtt/m/n/10.95 https:
//github.com/akhiljns/fluffy-codes 
 []

[21]
Underfull \hbox (badness 10000) in paragraph at lines 424--425

 []

[22

] [23

] [24

] (document.aux) ) 
Here is how much of TeX's memory you used:
 1210 strings out of 493698
 15620 string characters out of 3144412
 71343 words of memory out of 3000000
 4567 multiletter control sequences out of 15000+200000
 8365 words of font info for 30 fonts, out of 3000000 for 9000
 1025 hyphenation exceptions out of 8191
 27i,5n,19p,1469b,244s stack positions out of 5000i,500n,10000p,200000b,50000s
<C:/Program Files/MiKTeX 2.9/fonts/type1/public/amsfonts/cm/c
mbx10.pfb><C:/Program Files/MiKTeX 2.9/fonts/type1/public/amsfonts/cm/cmbx12.pf
b><C:/Program Files/MiKTeX 2.9/fonts/type1/public/amsfonts/cm/cmmi10.pfb><C:/Pr
ogram Files/MiKTeX 2.9/fonts/type1/public/amsfonts/cm/cmmi8.pfb><C:/Program Fil
es/MiKTeX 2.9/fonts/type1/public/amsfonts/cm/cmr10.pfb><C:/Program Files/MiKTeX
 2.9/fonts/type1/public/amsfonts/cm/cmr12.pfb><C:/Program Files/MiKTeX 2.9/font
s/type1/public/amsfonts/cm/cmr17.pfb><C:/Program Files/MiKTeX 2.9/fonts/type1/p
ublic/amsfonts/cm/cmr8.pfb><C:/Program Files/MiKTeX 2.9/fonts/type1/public/amsf
onts/cm/cmsy10.pfb><C:/Program Files/MiKTeX 2.9/fonts/type1/public/amsfonts/cm/
cmtt10.pfb>
Output written on document.pdf (24 pages, 1293531 bytes).
PDF statistics:
 128 PDF objects out of 1000 (max. 8388607)
 0 named destinations out of 1000 (max. 500000)
 46 words of extra memory for PDF output out of 10000 (max. 10000000)

